<?xml version="1.0" encoding="UTF-8"?>
<!DOCTYPE coverage SYSTEM "http://cobertura.sourceforge.net/xml/coverage-04.dtd">
<coverage line-rate="0.22194093" branch-rate="0" version="" timestamp="1756018070232" lines-covered="526" lines-valid="2370" branches-covered="0" branches-valid="0" complexity="0">
  <sources>
    <source>/app</source>
  </sources>
  <packages>
    <package name="github.com/berlingoqc/logviewer/cmd" line-rate="0" branch-rate="0" complexity="0">
      <classes>
        <class name="-" filename="cmd/init.go" line-rate="0" branch-rate="0" complexity="0">
          <methods>
            <method name="onCommandStart" signature="" line-rate="0" branch-rate="0" complexity="0">
              <lines>
                <line number="65" hits="0"></line>
                <line number="66" hits="0"></line>
                <line number="67" hits="0"></line>
                <line number="68" hits="0"></line>
                <line number="69" hits="0"></line>
              </lines>
            </method>
            <method name="init" signature="" line-rate="0" branch-rate="0" complexity="0">
              <lines>
                <line number="71" hits="0"></line>
                <line number="72" hits="0"></line>
                <line number="73" hits="0"></line>
                <line number="74" hits="0"></line>
                <line number="75" hits="0"></line>
                <line number="76" hits="0"></line>
                <line number="77" hits="0"></line>
                <line number="78" hits="0"></line>
                <line number="79" hits="0"></line>
                <line number="80" hits="0"></line>
                <line number="81" hits="0"></line>
                <line number="82" hits="0"></line>
                <line number="83" hits="0"></line>
                <line number="84" hits="0"></line>
                <line number="85" hits="0"></line>
                <line number="86" hits="0"></line>
                <line number="87" hits="0"></line>
                <line number="88" hits="0"></line>
                <line number="89" hits="0"></line>
                <line number="90" hits="0"></line>
                <line number="91" hits="0"></line>
                <line number="92" hits="0"></line>
                <line number="93" hits="0"></line>
                <line number="94" hits="0"></line>
                <line number="95" hits="0"></line>
                <line number="96" hits="0"></line>
                <line number="97" hits="0"></line>
                <line number="98" hits="0"></line>
                <line number="99" hits="0"></line>
                <line number="100" hits="0"></line>
                <line number="101" hits="0"></line>
                <line number="102" hits="0"></line>
                <line number="103" hits="0"></line>
                <line number="104" hits="0"></line>
                <line number="105" hits="0"></line>
                <line number="106" hits="0"></line>
                <line number="107" hits="0"></line>
                <line number="108" hits="0"></line>
                <line number="109" hits="0"></line>
                <line number="110" hits="0"></line>
                <line number="111" hits="0"></line>
                <line number="112" hits="0"></line>
                <line number="113" hits="0"></line>
                <line number="114" hits="0"></line>
                <line number="115" hits="0"></line>
                <line number="116" hits="0"></line>
                <line number="117" hits="0"></line>
                <line number="118" hits="0"></line>
                <line number="119" hits="0"></line>
                <line number="120" hits="0"></line>
                <line number="121" hits="0"></line>
                <line number="122" hits="0"></line>
                <line number="123" hits="0"></line>
                <line number="124" hits="0"></line>
                <line number="125" hits="0"></line>
                <line number="126" hits="0"></line>
                <line number="127" hits="0"></line>
                <line number="128" hits="0"></line>
                <line number="129" hits="0"></line>
                <line number="130" hits="0"></line>
                <line number="131" hits="0"></line>
                <line number="132" hits="0"></line>
                <line number="133" hits="0"></line>
                <line number="134" hits="0"></line>
                <line number="135" hits="0"></line>
                <line number="136" hits="0"></line>
                <line number="137" hits="0"></line>
                <line number="138" hits="0"></line>
                <line number="139" hits="0"></line>
                <line number="140" hits="0"></line>
                <line number="141" hits="0"></line>
                <line number="142" hits="0"></line>
                <line number="143" hits="0"></line>
                <line number="144" hits="0"></line>
                <line number="145" hits="0"></line>
              </lines>
            </method>
          </methods>
          <lines>
            <line number="65" hits="0"></line>
            <line number="66" hits="0"></line>
            <line number="67" hits="0"></line>
            <line number="68" hits="0"></line>
            <line number="69" hits="0"></line>
            <line number="71" hits="0"></line>
            <line number="72" hits="0"></line>
            <line number="73" hits="0"></line>
            <line number="74" hits="0"></line>
            <line number="75" hits="0"></line>
            <line number="76" hits="0"></line>
            <line number="77" hits="0"></line>
            <line number="78" hits="0"></line>
            <line number="79" hits="0"></line>
            <line number="80" hits="0"></line>
            <line number="81" hits="0"></line>
            <line number="82" hits="0"></line>
            <line number="83" hits="0"></line>
            <line number="84" hits="0"></line>
            <line number="85" hits="0"></line>
            <line number="86" hits="0"></line>
            <line number="87" hits="0"></line>
            <line number="88" hits="0"></line>
            <line number="89" hits="0"></line>
            <line number="90" hits="0"></line>
            <line number="91" hits="0"></line>
            <line number="92" hits="0"></line>
            <line number="93" hits="0"></line>
            <line number="94" hits="0"></line>
            <line number="95" hits="0"></line>
            <line number="96" hits="0"></line>
            <line number="97" hits="0"></line>
            <line number="98" hits="0"></line>
            <line number="99" hits="0"></line>
            <line number="100" hits="0"></line>
            <line number="101" hits="0"></line>
            <line number="102" hits="0"></line>
            <line number="103" hits="0"></line>
            <line number="104" hits="0"></line>
            <line number="105" hits="0"></line>
            <line number="106" hits="0"></line>
            <line number="107" hits="0"></line>
            <line number="108" hits="0"></line>
            <line number="109" hits="0"></line>
            <line number="110" hits="0"></line>
            <line number="111" hits="0"></line>
            <line number="112" hits="0"></line>
            <line number="113" hits="0"></line>
            <line number="114" hits="0"></line>
            <line number="115" hits="0"></line>
            <line number="116" hits="0"></line>
            <line number="117" hits="0"></line>
            <line number="118" hits="0"></line>
            <line number="119" hits="0"></line>
            <line number="120" hits="0"></line>
            <line number="121" hits="0"></line>
            <line number="122" hits="0"></line>
            <line number="123" hits="0"></line>
            <line number="124" hits="0"></line>
            <line number="125" hits="0"></line>
            <line number="126" hits="0"></line>
            <line number="127" hits="0"></line>
            <line number="128" hits="0"></line>
            <line number="129" hits="0"></line>
            <line number="130" hits="0"></line>
            <line number="131" hits="0"></line>
            <line number="132" hits="0"></line>
            <line number="133" hits="0"></line>
            <line number="134" hits="0"></line>
            <line number="135" hits="0"></line>
            <line number="136" hits="0"></line>
            <line number="137" hits="0"></line>
            <line number="138" hits="0"></line>
            <line number="139" hits="0"></line>
            <line number="140" hits="0"></line>
            <line number="141" hits="0"></line>
            <line number="142" hits="0"></line>
            <line number="143" hits="0"></line>
            <line number="144" hits="0"></line>
            <line number="145" hits="0"></line>
          </lines>
        </class>
        <class name="-" filename="cmd/query.go" line-rate="0" branch-rate="0" complexity="0">
          <methods>
            <method name="stringArrayEnvVariable" signature="" line-rate="0" branch-rate="0" complexity="0">
              <lines>
                <line number="28" hits="0"></line>
                <line number="29" hits="0"></line>
                <line number="30" hits="0"></line>
                <line number="31" hits="0"></line>
                <line number="32" hits="0"></line>
                <line number="33" hits="0"></line>
                <line number="34" hits="0"></line>
                <line number="35" hits="0"></line>
                <line number="36" hits="0"></line>
                <line number="37" hits="0"></line>
                <line number="38" hits="0"></line>
                <line number="39" hits="0"></line>
                <line number="40" hits="0"></line>
                <line number="41" hits="0"></line>
                <line number="42" hits="0"></line>
                <line number="43" hits="0"></line>
                <line number="44" hits="0"></line>
                <line number="45" hits="0"></line>
                <line number="50" hits="0"></line>
                <line number="51" hits="0"></line>
                <line number="52" hits="0"></line>
                <line number="53" hits="0"></line>
                <line number="54" hits="0"></line>
                <line number="56" hits="0"></line>
              </lines>
            </method>
            <method name="resolveSearch" signature="" line-rate="0" branch-rate="0" complexity="0">
              <lines>
                <line number="59" hits="0"></line>
                <line number="60" hits="0"></line>
                <line number="61" hits="0"></line>
                <line number="62" hits="0"></line>
                <line number="63" hits="0"></line>
                <line number="64" hits="0"></line>
                <line number="65" hits="0"></line>
                <line number="66" hits="0"></line>
                <line number="67" hits="0"></line>
                <line number="68" hits="0"></line>
                <line number="69" hits="0"></line>
                <line number="70" hits="0"></line>
                <line number="71" hits="0"></line>
                <line number="72" hits="0"></line>
                <line number="73" hits="0"></line>
                <line number="74" hits="0"></line>
                <line number="75" hits="0"></line>
                <line number="77" hits="0"></line>
                <line number="78" hits="0"></line>
                <line number="79" hits="0"></line>
                <line number="81" hits="0"></line>
                <line number="82" hits="0"></line>
                <line number="83" hits="0"></line>
                <line number="85" hits="0"></line>
                <line number="86" hits="0"></line>
                <line number="87" hits="0"></line>
                <line number="89" hits="0"></line>
                <line number="90" hits="0"></line>
                <line number="91" hits="0"></line>
                <line number="93" hits="0"></line>
                <line number="94" hits="0"></line>
                <line number="95" hits="0"></line>
                <line number="97" hits="0"></line>
                <line number="98" hits="0"></line>
                <line number="99" hits="0"></line>
                <line number="100" hits="0"></line>
                <line number="102" hits="0"></line>
                <line number="103" hits="0"></line>
                <line number="104" hits="0"></line>
                <line number="106" hits="0"></line>
                <line number="107" hits="0"></line>
                <line number="108" hits="0"></line>
                <line number="110" hits="0"></line>
                <line number="111" hits="0"></line>
                <line number="112" hits="0"></line>
                <line number="114" hits="0"></line>
                <line number="115" hits="0"></line>
                <line number="116" hits="0"></line>
                <line number="118" hits="0"></line>
                <line number="119" hits="0"></line>
                <line number="120" hits="0"></line>
                <line number="122" hits="0"></line>
                <line number="123" hits="0"></line>
                <line number="124" hits="0"></line>
                <line number="126" hits="0"></line>
                <line number="127" hits="0"></line>
                <line number="128" hits="0"></line>
                <line number="130" hits="0"></line>
                <line number="131" hits="0"></line>
                <line number="132" hits="0"></line>
                <line number="133" hits="0"></line>
                <line number="134" hits="0"></line>
                <line number="135" hits="0"></line>
                <line number="136" hits="0"></line>
                <line number="137" hits="0"></line>
                <line number="138" hits="0"></line>
                <line number="139" hits="0"></line>
                <line number="141" hits="0"></line>
                <line number="142" hits="0"></line>
                <line number="143" hits="0"></line>
                <line number="144" hits="0"></line>
                <line number="146" hits="0"></line>
                <line number="147" hits="0"></line>
                <line number="148" hits="0"></line>
                <line number="149" hits="0"></line>
                <line number="151" hits="0"></line>
                <line number="152" hits="0"></line>
                <line number="153" hits="0"></line>
                <line number="154" hits="0"></line>
                <line number="155" hits="0"></line>
                <line number="156" hits="0"></line>
                <line number="157" hits="0"></line>
                <line number="160" hits="0"></line>
                <line number="161" hits="0"></line>
                <line number="162" hits="0"></line>
                <line number="163" hits="0"></line>
                <line number="164" hits="0"></line>
                <line number="165" hits="0"></line>
                <line number="169" hits="0"></line>
                <line number="170" hits="0"></line>
                <line number="171" hits="0"></line>
                <line number="172" hits="0"></line>
                <line number="174" hits="0"></line>
                <line number="175" hits="0"></line>
                <line number="176" hits="0"></line>
                <line number="177" hits="0"></line>
                <line number="178" hits="0"></line>
                <line number="179" hits="0"></line>
                <line number="180" hits="0"></line>
                <line number="181" hits="0"></line>
                <line number="182" hits="0"></line>
                <line number="183" hits="0"></line>
                <line number="184" hits="0"></line>
                <line number="185" hits="0"></line>
                <line number="186" hits="0"></line>
                <line number="187" hits="0"></line>
                <line number="188" hits="0"></line>
                <line number="189" hits="0"></line>
                <line number="190" hits="0"></line>
                <line number="191" hits="0"></line>
                <line number="192" hits="0"></line>
                <line number="193" hits="0"></line>
                <line number="194" hits="0"></line>
                <line number="195" hits="0"></line>
                <line number="196" hits="0"></line>
                <line number="197" hits="0"></line>
                <line number="198" hits="0"></line>
                <line number="199" hits="0"></line>
                <line number="200" hits="0"></line>
                <line number="201" hits="0"></line>
                <line number="202" hits="0"></line>
                <line number="203" hits="0"></line>
                <line number="204" hits="0"></line>
                <line number="206" hits="0"></line>
                <line number="207" hits="0"></line>
                <line number="208" hits="0"></line>
                <line number="209" hits="0"></line>
                <line number="210" hits="0"></line>
                <line number="211" hits="0"></line>
                <line number="212" hits="0"></line>
                <line number="213" hits="0"></line>
                <line number="214" hits="0"></line>
                <line number="215" hits="0"></line>
                <line number="216" hits="0"></line>
                <line number="217" hits="0"></line>
                <line number="218" hits="0"></line>
                <line number="219" hits="0"></line>
                <line number="220" hits="0"></line>
                <line number="221" hits="0"></line>
                <line number="222" hits="0"></line>
                <line number="223" hits="0"></line>
                <line number="224" hits="0"></line>
                <line number="226" hits="0"></line>
                <line number="228" hits="0"></line>
                <line number="229" hits="0"></line>
                <line number="230" hits="0"></line>
                <line number="231" hits="0"></line>
                <line number="233" hits="0"></line>
                <line number="236" hits="0"></line>
                <line number="237" hits="0"></line>
                <line number="238" hits="0"></line>
                <line number="239" hits="0"></line>
                <line number="240" hits="0"></line>
                <line number="241" hits="0"></line>
                <line number="242" hits="0"></line>
                <line number="243" hits="0"></line>
                <line number="244" hits="0"></line>
                <line number="245" hits="0"></line>
                <line number="246" hits="0"></line>
                <line number="248" hits="0"></line>
                <line number="249" hits="0"></line>
                <line number="250" hits="0"></line>
                <line number="251" hits="0"></line>
                <line number="253" hits="0"></line>
              </lines>
            </method>
          </methods>
          <lines>
            <line number="28" hits="0"></line>
            <line number="29" hits="0"></line>
            <line number="30" hits="0"></line>
            <line number="31" hits="0"></line>
            <line number="32" hits="0"></line>
            <line number="33" hits="0"></line>
            <line number="34" hits="0"></line>
            <line number="35" hits="0"></line>
            <line number="36" hits="0"></line>
            <line number="37" hits="0"></line>
            <line number="38" hits="0"></line>
            <line number="39" hits="0"></line>
            <line number="40" hits="0"></line>
            <line number="41" hits="0"></line>
            <line number="42" hits="0"></line>
            <line number="43" hits="0"></line>
            <line number="44" hits="0"></line>
            <line number="45" hits="0"></line>
            <line number="50" hits="0"></line>
            <line number="51" hits="0"></line>
            <line number="52" hits="0"></line>
            <line number="53" hits="0"></line>
            <line number="54" hits="0"></line>
            <line number="56" hits="0"></line>
            <line number="59" hits="0"></line>
            <line number="60" hits="0"></line>
            <line number="61" hits="0"></line>
            <line number="62" hits="0"></line>
            <line number="63" hits="0"></line>
            <line number="64" hits="0"></line>
            <line number="65" hits="0"></line>
            <line number="66" hits="0"></line>
            <line number="67" hits="0"></line>
            <line number="68" hits="0"></line>
            <line number="69" hits="0"></line>
            <line number="70" hits="0"></line>
            <line number="71" hits="0"></line>
            <line number="72" hits="0"></line>
            <line number="73" hits="0"></line>
            <line number="74" hits="0"></line>
            <line number="75" hits="0"></line>
            <line number="77" hits="0"></line>
            <line number="78" hits="0"></line>
            <line number="79" hits="0"></line>
            <line number="81" hits="0"></line>
            <line number="82" hits="0"></line>
            <line number="83" hits="0"></line>
            <line number="85" hits="0"></line>
            <line number="86" hits="0"></line>
            <line number="87" hits="0"></line>
            <line number="89" hits="0"></line>
            <line number="90" hits="0"></line>
            <line number="91" hits="0"></line>
            <line number="93" hits="0"></line>
            <line number="94" hits="0"></line>
            <line number="95" hits="0"></line>
            <line number="97" hits="0"></line>
            <line number="98" hits="0"></line>
            <line number="99" hits="0"></line>
            <line number="100" hits="0"></line>
            <line number="102" hits="0"></line>
            <line number="103" hits="0"></line>
            <line number="104" hits="0"></line>
            <line number="106" hits="0"></line>
            <line number="107" hits="0"></line>
            <line number="108" hits="0"></line>
            <line number="110" hits="0"></line>
            <line number="111" hits="0"></line>
            <line number="112" hits="0"></line>
            <line number="114" hits="0"></line>
            <line number="115" hits="0"></line>
            <line number="116" hits="0"></line>
            <line number="118" hits="0"></line>
            <line number="119" hits="0"></line>
            <line number="120" hits="0"></line>
            <line number="122" hits="0"></line>
            <line number="123" hits="0"></line>
            <line number="124" hits="0"></line>
            <line number="126" hits="0"></line>
            <line number="127" hits="0"></line>
            <line number="128" hits="0"></line>
            <line number="130" hits="0"></line>
            <line number="131" hits="0"></line>
            <line number="132" hits="0"></line>
            <line number="133" hits="0"></line>
            <line number="134" hits="0"></line>
            <line number="135" hits="0"></line>
            <line number="136" hits="0"></line>
            <line number="137" hits="0"></line>
            <line number="138" hits="0"></line>
            <line number="139" hits="0"></line>
            <line number="141" hits="0"></line>
            <line number="142" hits="0"></line>
            <line number="143" hits="0"></line>
            <line number="144" hits="0"></line>
            <line number="146" hits="0"></line>
            <line number="147" hits="0"></line>
            <line number="148" hits="0"></line>
            <line number="149" hits="0"></line>
            <line number="151" hits="0"></line>
            <line number="152" hits="0"></line>
            <line number="153" hits="0"></line>
            <line number="154" hits="0"></line>
            <line number="155" hits="0"></line>
            <line number="156" hits="0"></line>
            <line number="157" hits="0"></line>
            <line number="160" hits="0"></line>
            <line number="161" hits="0"></line>
            <line number="162" hits="0"></line>
            <line number="163" hits="0"></line>
            <line number="164" hits="0"></line>
            <line number="165" hits="0"></line>
            <line number="169" hits="0"></line>
            <line number="170" hits="0"></line>
            <line number="171" hits="0"></line>
            <line number="172" hits="0"></line>
            <line number="174" hits="0"></line>
            <line number="175" hits="0"></line>
            <line number="176" hits="0"></line>
            <line number="177" hits="0"></line>
            <line number="178" hits="0"></line>
            <line number="179" hits="0"></line>
            <line number="180" hits="0"></line>
            <line number="181" hits="0"></line>
            <line number="182" hits="0"></line>
            <line number="183" hits="0"></line>
            <line number="184" hits="0"></line>
            <line number="185" hits="0"></line>
            <line number="186" hits="0"></line>
            <line number="187" hits="0"></line>
            <line number="188" hits="0"></line>
            <line number="189" hits="0"></line>
            <line number="190" hits="0"></line>
            <line number="191" hits="0"></line>
            <line number="192" hits="0"></line>
            <line number="193" hits="0"></line>
            <line number="194" hits="0"></line>
            <line number="195" hits="0"></line>
            <line number="196" hits="0"></line>
            <line number="197" hits="0"></line>
            <line number="198" hits="0"></line>
            <line number="199" hits="0"></line>
            <line number="200" hits="0"></line>
            <line number="201" hits="0"></line>
            <line number="202" hits="0"></line>
            <line number="203" hits="0"></line>
            <line number="204" hits="0"></line>
            <line number="206" hits="0"></line>
            <line number="207" hits="0"></line>
            <line number="208" hits="0"></line>
            <line number="209" hits="0"></line>
            <line number="210" hits="0"></line>
            <line number="211" hits="0"></line>
            <line number="212" hits="0"></line>
            <line number="213" hits="0"></line>
            <line number="214" hits="0"></line>
            <line number="215" hits="0"></line>
            <line number="216" hits="0"></line>
            <line number="217" hits="0"></line>
            <line number="218" hits="0"></line>
            <line number="219" hits="0"></line>
            <line number="220" hits="0"></line>
            <line number="221" hits="0"></line>
            <line number="222" hits="0"></line>
            <line number="223" hits="0"></line>
            <line number="224" hits="0"></line>
            <line number="226" hits="0"></line>
            <line number="228" hits="0"></line>
            <line number="229" hits="0"></line>
            <line number="230" hits="0"></line>
            <line number="231" hits="0"></line>
            <line number="233" hits="0"></line>
            <line number="236" hits="0"></line>
            <line number="237" hits="0"></line>
            <line number="238" hits="0"></line>
            <line number="239" hits="0"></line>
            <line number="240" hits="0"></line>
            <line number="241" hits="0"></line>
            <line number="242" hits="0"></line>
            <line number="243" hits="0"></line>
            <line number="244" hits="0"></line>
            <line number="245" hits="0"></line>
            <line number="246" hits="0"></line>
            <line number="248" hits="0"></line>
            <line number="249" hits="0"></line>
            <line number="250" hits="0"></line>
            <line number="251" hits="0"></line>
            <line number="253" hits="0"></line>
          </lines>
        </class>
        <class name="-" filename="cmd/root.go" line-rate="0" branch-rate="0" complexity="0">
          <methods>
            <method name="Execute" signature="" line-rate="0" branch-rate="0" complexity="0">
              <lines>
                <line number="27" hits="0"></line>
                <line number="28" hits="0"></line>
                <line number="29" hits="0"></line>
                <line number="30" hits="0"></line>
                <line number="31" hits="0"></line>
              </lines>
            </method>
            <method name="init" signature="" line-rate="0" branch-rate="0" complexity="0">
              <lines>
                <line number="34" hits="0"></line>
                <line number="35" hits="0"></line>
                <line number="36" hits="0"></line>
                <line number="37" hits="0"></line>
                <line number="38" hits="0"></line>
                <line number="39" hits="0"></line>
                <line number="40" hits="0"></line>
                <line number="41" hits="0"></line>
                <line number="42" hits="0"></line>
                <line number="43" hits="0"></line>
              </lines>
            </method>
          </methods>
          <lines>
            <line number="27" hits="0"></line>
            <line number="28" hits="0"></line>
            <line number="29" hits="0"></line>
            <line number="30" hits="0"></line>
            <line number="31" hits="0"></line>
            <line number="34" hits="0"></line>
            <line number="35" hits="0"></line>
            <line number="36" hits="0"></line>
            <line number="37" hits="0"></line>
            <line number="38" hits="0"></line>
            <line number="39" hits="0"></line>
            <line number="40" hits="0"></line>
            <line number="41" hits="0"></line>
            <line number="42" hits="0"></line>
            <line number="43" hits="0"></line>
          </lines>
        </class>
        <class name="-" filename="cmd/server.go" line-rate="0" branch-rate="0" complexity="0">
          <methods>
            <method name="init" signature="" line-rate="0" branch-rate="0" complexity="0">
              <lines>
                <line number="50" hits="0"></line>
                <line number="51" hits="0"></line>
                <line number="52" hits="0"></line>
                <line number="53" hits="0"></line>
                <line number="54" hits="0"></line>
                <line number="55" hits="0"></line>
              </lines>
            </method>
          </methods>
          <lines>
            <line number="50" hits="0"></line>
            <line number="51" hits="0"></line>
            <line number="52" hits="0"></line>
            <line number="53" hits="0"></line>
            <line number="54" hits="0"></line>
            <line number="55" hits="0"></line>
          </lines>
        </class>
        <class name="-" filename="cmd/version.go" line-rate="0" branch-rate="0" complexity="0">
          <methods>
            <method name="init" signature="" line-rate="0" branch-rate="0" complexity="0">
              <lines>
                <line number="21" hits="0"></line>
                <line number="22" hits="0"></line>
                <line number="23" hits="0"></line>
                <line number="24" hits="0"></line>
              </lines>
            </method>
          </methods>
          <lines>
            <line number="21" hits="0"></line>
            <line number="22" hits="0"></line>
            <line number="23" hits="0"></line>
            <line number="24" hits="0"></line>
          </lines>
        </class>
      </classes>
    </package>
    <package name="github.com/berlingoqc/logviewer" line-rate="0" branch-rate="0" complexity="0">
      <classes>
        <class name="-" filename="main.go" line-rate="0" branch-rate="0" complexity="0">
          <methods>
            <method name="main" signature="" line-rate="0" branch-rate="0" complexity="0">
              <lines>
                <line number="5" hits="0"></line>
                <line number="6" hits="0"></line>
                <line number="7" hits="0"></line>
              </lines>
            </method>
          </methods>
          <lines>
            <line number="5" hits="0"></line>
            <line number="6" hits="0"></line>
            <line number="7" hits="0"></line>
          </lines>
        </class>
      </classes>
    </package>
    <package name="github.com/berlingoqc/logviewer/pkg/http" line-rate="0" branch-rate="0" complexity="0">
      <classes>
        <class name="CookieAuth" filename="pkg/http/mod.go" line-rate="0" branch-rate="0" complexity="0">
          <methods>
            <method name="Login" signature="" line-rate="0" branch-rate="0" complexity="0">
              <lines>
                <line number="26" hits="0"></line>
                <line number="27" hits="0"></line>
                <line number="28" hits="0"></line>
                <line number="29" hits="0"></line>
                <line number="30" hits="0"></line>
                <line number="31" hits="0"></line>
              </lines>
            </method>
          </methods>
          <lines>
            <line number="26" hits="0"></line>
            <line number="27" hits="0"></line>
            <line number="28" hits="0"></line>
            <line number="29" hits="0"></line>
            <line number="30" hits="0"></line>
            <line number="31" hits="0"></line>
          </lines>
        </class>
        <class name="HeaderAuth" filename="pkg/http/mod.go" line-rate="0" branch-rate="0" complexity="0">
          <methods>
            <method name="Login" signature="" line-rate="0" branch-rate="0" complexity="0">
              <lines>
                <line number="38" hits="0"></line>
                <line number="39" hits="0"></line>
                <line number="40" hits="0"></line>
                <line number="41" hits="0"></line>
                <line number="42" hits="0"></line>
              </lines>
            </method>
          </methods>
          <lines>
            <line number="38" hits="0"></line>
            <line number="39" hits="0"></line>
            <line number="40" hits="0"></line>
            <line number="41" hits="0"></line>
            <line number="42" hits="0"></line>
          </lines>
        </class>
        <class name="-" filename="pkg/http/mod.go" line-rate="0" branch-rate="0" complexity="0">
          <methods>
            <method name="SetDebug" signature="" line-rate="0" branch-rate="0" complexity="0">
              <lines>
                <line number="55" hits="0"></line>
                <line number="56" hits="0"></line>
                <line number="57" hits="0"></line>
              </lines>
            </method>
            <method name="DebugEnabled" signature="" line-rate="0" branch-rate="0" complexity="0">
              <lines>
                <line number="60" hits="0"></line>
                <line number="61" hits="0"></line>
                <line number="62" hits="0"></line>
              </lines>
            </method>
            <method name="GetClient" signature="" line-rate="0" branch-rate="0" complexity="0">
              <lines>
                <line number="219" hits="0"></line>
                <line number="220" hits="0"></line>
                <line number="221" hits="0"></line>
                <line number="222" hits="0"></line>
                <line number="223" hits="0"></line>
                <line number="224" hits="0"></line>
                <line number="225" hits="0"></line>
                <line number="226" hits="0"></line>
              </lines>
            </method>
            <method name="getSpaceClient" signature="" line-rate="0" branch-rate="0" complexity="0">
              <lines>
                <line number="228" hits="0"></line>
                <line number="229" hits="0"></line>
                <line number="230" hits="0"></line>
                <line number="231" hits="0"></line>
                <line number="232" hits="0"></line>
                <line number="233" hits="0"></line>
                <line number="234" hits="0"></line>
                <line number="235" hits="0"></line>
              </lines>
            </method>
            <method name="maskHeaderMap" signature="" line-rate="0" branch-rate="0" complexity="0">
              <lines>
                <line number="244" hits="0"></line>
                <line number="245" hits="0"></line>
                <line number="246" hits="0"></line>
                <line number="247" hits="0"></line>
                <line number="248" hits="0"></line>
                <line number="249" hits="0"></line>
                <line number="250" hits="0"></line>
                <line number="251" hits="0"></line>
                <line number="252" hits="0"></line>
                <line number="253" hits="0"></line>
                <line number="254" hits="0"></line>
                <line number="255" hits="0"></line>
                <line number="256" hits="0"></line>
                <line number="257" hits="0"></line>
                <line number="258" hits="0"></line>
                <line number="259" hits="0"></line>
                <line number="262" hits="0"></line>
                <line number="264" hits="0"></line>
              </lines>
            </method>
          </methods>
          <lines>
            <line number="55" hits="0"></line>
            <line number="56" hits="0"></line>
            <line number="57" hits="0"></line>
            <line number="60" hits="0"></line>
            <line number="61" hits="0"></line>
            <line number="62" hits="0"></line>
            <line number="219" hits="0"></line>
            <line number="220" hits="0"></line>
            <line number="221" hits="0"></line>
            <line number="222" hits="0"></line>
            <line number="223" hits="0"></line>
            <line number="224" hits="0"></line>
            <line number="225" hits="0"></line>
            <line number="226" hits="0"></line>
            <line number="228" hits="0"></line>
            <line number="229" hits="0"></line>
            <line number="230" hits="0"></line>
            <line number="231" hits="0"></line>
            <line number="232" hits="0"></line>
            <line number="233" hits="0"></line>
            <line number="234" hits="0"></line>
            <line number="235" hits="0"></line>
            <line number="244" hits="0"></line>
            <line number="245" hits="0"></line>
            <line number="246" hits="0"></line>
            <line number="247" hits="0"></line>
            <line number="248" hits="0"></line>
            <line number="249" hits="0"></line>
            <line number="250" hits="0"></line>
            <line number="251" hits="0"></line>
            <line number="252" hits="0"></line>
            <line number="253" hits="0"></line>
            <line number="254" hits="0"></line>
            <line number="255" hits="0"></line>
            <line number="256" hits="0"></line>
            <line number="257" hits="0"></line>
            <line number="258" hits="0"></line>
            <line number="259" hits="0"></line>
            <line number="262" hits="0"></line>
            <line number="264" hits="0"></line>
          </lines>
        </class>
        <class name="HttpClient" filename="pkg/http/mod.go" line-rate="0" branch-rate="0" complexity="0">
          <methods>
            <method name="post" signature="" line-rate="0" branch-rate="0" complexity="0">
              <lines>
                <line number="64" hits="0"></line>
                <line number="65" hits="0"></line>
                <line number="66" hits="0"></line>
                <line number="67" hits="0"></line>
                <line number="68" hits="0"></line>
                <line number="69" hits="0"></line>
                <line number="71" hits="0"></line>
                <line number="72" hits="0"></line>
                <line number="73" hits="0"></line>
                <line number="74" hits="0"></line>
                <line number="76" hits="0"></line>
                <line number="77" hits="0"></line>
                <line number="78" hits="0"></line>
                <line number="81" hits="0"></line>
                <line number="82" hits="0"></line>
                <line number="83" hits="0"></line>
                <line number="85" hits="0"></line>
                <line number="86" hits="0"></line>
                <line number="87" hits="0"></line>
                <line number="88" hits="0"></line>
                <line number="91" hits="0"></line>
                <line number="92" hits="0"></line>
                <line number="93" hits="0"></line>
                <line number="94" hits="0"></line>
                <line number="96" hits="0"></line>
                <line number="97" hits="0"></line>
                <line number="98" hits="0"></line>
                <line number="100" hits="0"></line>
                <line number="101" hits="0"></line>
                <line number="102" hits="0"></line>
                <line number="103" hits="0"></line>
                <line number="107" hits="0"></line>
                <line number="108" hits="0"></line>
                <line number="109" hits="0"></line>
                <line number="110" hits="0"></line>
                <line number="112" hits="0"></line>
              </lines>
            </method>
            <method name="PostData" signature="" line-rate="0" branch-rate="0" complexity="0">
              <lines>
                <line number="115" hits="0"></line>
                <line number="116" hits="0"></line>
                <line number="117" hits="0"></line>
                <line number="118" hits="0"></line>
                <line number="119" hits="0"></line>
                <line number="120" hits="0"></line>
                <line number="121" hits="0"></line>
                <line number="122" hits="0"></line>
                <line number="123" hits="0"></line>
                <line number="125" hits="0"></line>
                <line number="126" hits="0"></line>
                <line number="127" hits="0"></line>
                <line number="128" hits="0"></line>
              </lines>
            </method>
            <method name="PostJson" signature="" line-rate="0" branch-rate="0" complexity="0">
              <lines>
                <line number="132" hits="0"></line>
                <line number="133" hits="0"></line>
                <line number="134" hits="0"></line>
                <line number="135" hits="0"></line>
                <line number="136" hits="0"></line>
                <line number="137" hits="0"></line>
                <line number="138" hits="0"></line>
                <line number="139" hits="0"></line>
                <line number="140" hits="0"></line>
                <line number="142" hits="0"></line>
              </lines>
            </method>
            <method name="Get" signature="" line-rate="0" branch-rate="0" complexity="0">
              <lines>
                <line number="146" hits="0"></line>
                <line number="147" hits="0"></line>
                <line number="148" hits="0"></line>
                <line number="149" hits="0"></line>
                <line number="150" hits="0"></line>
                <line number="151" hits="0"></line>
                <line number="152" hits="0"></line>
                <line number="153" hits="0"></line>
                <line number="154" hits="0"></line>
                <line number="157" hits="0"></line>
                <line number="158" hits="0"></line>
                <line number="159" hits="0"></line>
                <line number="160" hits="0"></line>
                <line number="161" hits="0"></line>
                <line number="162" hits="0"></line>
                <line number="163" hits="0"></line>
                <line number="165" hits="0"></line>
                <line number="166" hits="0"></line>
                <line number="167" hits="0"></line>
                <line number="168" hits="0"></line>
                <line number="169" hits="0"></line>
                <line number="171" hits="0"></line>
                <line number="172" hits="0"></line>
                <line number="173" hits="0"></line>
                <line number="175" hits="0"></line>
                <line number="176" hits="0"></line>
                <line number="177" hits="0"></line>
                <line number="178" hits="0"></line>
                <line number="180" hits="0"></line>
                <line number="181" hits="0"></line>
                <line number="182" hits="0"></line>
                <line number="183" hits="0"></line>
                <line number="184" hits="0"></line>
                <line number="185" hits="0"></line>
                <line number="188" hits="0"></line>
                <line number="189" hits="0"></line>
                <line number="190" hits="0"></line>
                <line number="191" hits="0"></line>
                <line number="193" hits="0"></line>
                <line number="194" hits="0"></line>
                <line number="195" hits="0"></line>
                <line number="197" hits="0"></line>
                <line number="198" hits="0"></line>
                <line number="199" hits="0"></line>
                <line number="200" hits="0"></line>
                <line number="203" hits="0"></line>
                <line number="204" hits="0"></line>
                <line number="205" hits="0"></line>
                <line number="206" hits="0"></line>
                <line number="207" hits="0"></line>
                <line number="208" hits="0"></line>
                <line number="211" hits="0"></line>
                <line number="212" hits="0"></line>
                <line number="213" hits="0"></line>
                <line number="214" hits="0"></line>
                <line number="216" hits="0"></line>
              </lines>
            </method>
          </methods>
          <lines>
            <line number="64" hits="0"></line>
            <line number="65" hits="0"></line>
            <line number="66" hits="0"></line>
            <line number="67" hits="0"></line>
            <line number="68" hits="0"></line>
            <line number="69" hits="0"></line>
            <line number="71" hits="0"></line>
            <line number="72" hits="0"></line>
            <line number="73" hits="0"></line>
            <line number="74" hits="0"></line>
            <line number="76" hits="0"></line>
            <line number="77" hits="0"></line>
            <line number="78" hits="0"></line>
            <line number="81" hits="0"></line>
            <line number="82" hits="0"></line>
            <line number="83" hits="0"></line>
            <line number="85" hits="0"></line>
            <line number="86" hits="0"></line>
            <line number="87" hits="0"></line>
            <line number="88" hits="0"></line>
            <line number="91" hits="0"></line>
            <line number="92" hits="0"></line>
            <line number="93" hits="0"></line>
            <line number="94" hits="0"></line>
            <line number="96" hits="0"></line>
            <line number="97" hits="0"></line>
            <line number="98" hits="0"></line>
            <line number="100" hits="0"></line>
            <line number="101" hits="0"></line>
            <line number="102" hits="0"></line>
            <line number="103" hits="0"></line>
            <line number="107" hits="0"></line>
            <line number="108" hits="0"></line>
            <line number="109" hits="0"></line>
            <line number="110" hits="0"></line>
            <line number="112" hits="0"></line>
            <line number="115" hits="0"></line>
            <line number="116" hits="0"></line>
            <line number="117" hits="0"></line>
            <line number="118" hits="0"></line>
            <line number="119" hits="0"></line>
            <line number="120" hits="0"></line>
            <line number="121" hits="0"></line>
            <line number="122" hits="0"></line>
            <line number="123" hits="0"></line>
            <line number="125" hits="0"></line>
            <line number="126" hits="0"></line>
            <line number="127" hits="0"></line>
            <line number="128" hits="0"></line>
            <line number="132" hits="0"></line>
            <line number="133" hits="0"></line>
            <line number="134" hits="0"></line>
            <line number="135" hits="0"></line>
            <line number="136" hits="0"></line>
            <line number="137" hits="0"></line>
            <line number="138" hits="0"></line>
            <line number="139" hits="0"></line>
            <line number="140" hits="0"></line>
            <line number="142" hits="0"></line>
            <line number="146" hits="0"></line>
            <line number="147" hits="0"></line>
            <line number="148" hits="0"></line>
            <line number="149" hits="0"></line>
            <line number="150" hits="0"></line>
            <line number="151" hits="0"></line>
            <line number="152" hits="0"></line>
            <line number="153" hits="0"></line>
            <line number="154" hits="0"></line>
            <line number="157" hits="0"></line>
            <line number="158" hits="0"></line>
            <line number="159" hits="0"></line>
            <line number="160" hits="0"></line>
            <line number="161" hits="0"></line>
            <line number="162" hits="0"></line>
            <line number="163" hits="0"></line>
            <line number="165" hits="0"></line>
            <line number="166" hits="0"></line>
            <line number="167" hits="0"></line>
            <line number="168" hits="0"></line>
            <line number="169" hits="0"></line>
            <line number="171" hits="0"></line>
            <line number="172" hits="0"></line>
            <line number="173" hits="0"></line>
            <line number="175" hits="0"></line>
            <line number="176" hits="0"></line>
            <line number="177" hits="0"></line>
            <line number="178" hits="0"></line>
            <line number="180" hits="0"></line>
            <line number="181" hits="0"></line>
            <line number="182" hits="0"></line>
            <line number="183" hits="0"></line>
            <line number="184" hits="0"></line>
            <line number="185" hits="0"></line>
            <line number="188" hits="0"></line>
            <line number="189" hits="0"></line>
            <line number="190" hits="0"></line>
            <line number="191" hits="0"></line>
            <line number="193" hits="0"></line>
            <line number="194" hits="0"></line>
            <line number="195" hits="0"></line>
            <line number="197" hits="0"></line>
            <line number="198" hits="0"></line>
            <line number="199" hits="0"></line>
            <line number="200" hits="0"></line>
            <line number="203" hits="0"></line>
            <line number="204" hits="0"></line>
            <line number="205" hits="0"></line>
            <line number="206" hits="0"></line>
            <line number="207" hits="0"></line>
            <line number="208" hits="0"></line>
            <line number="211" hits="0"></line>
            <line number="212" hits="0"></line>
            <line number="213" hits="0"></line>
            <line number="214" hits="0"></line>
            <line number="216" hits="0"></line>
          </lines>
        </class>
      </classes>
    </package>
    <package name="github.com/berlingoqc/logviewer/pkg/log/client/config" line-rate="0" branch-rate="0" complexity="0">
      <classes>
        <class name="-" filename="pkg/log/client/config/config.go" line-rate="0" branch-rate="0" complexity="0">
          <methods>
            <method name="LoadContextConfig" signature="" line-rate="0" branch-rate="0" complexity="0">
              <lines>
                <line number="12" hits="0"></line>
                <line number="13" hits="0"></line>
                <line number="14" hits="0"></line>
                <line number="15" hits="0"></line>
                <line number="17" hits="0"></line>
                <line number="18" hits="0"></line>
                <line number="19" hits="0"></line>
                <line number="20" hits="0"></line>
                <line number="22" hits="0"></line>
                <line number="23" hits="0"></line>
                <line number="24" hits="0"></line>
                <line number="26" hits="0"></line>
                <line number="27" hits="0"></line>
                <line number="28" hits="0"></line>
                <line number="30" hits="0"></line>
              </lines>
            </method>
          </methods>
          <lines>
            <line number="12" hits="0"></line>
            <line number="13" hits="0"></line>
            <line number="14" hits="0"></line>
            <line number="15" hits="0"></line>
            <line number="17" hits="0"></line>
            <line number="18" hits="0"></line>
            <line number="19" hits="0"></line>
            <line number="20" hits="0"></line>
            <line number="22" hits="0"></line>
            <line number="23" hits="0"></line>
            <line number="24" hits="0"></line>
            <line number="26" hits="0"></line>
            <line number="27" hits="0"></line>
            <line number="28" hits="0"></line>
            <line number="30" hits="0"></line>
          </lines>
        </class>
        <class name="ContextConfig" filename="pkg/log/client/config/config.go" line-rate="0" branch-rate="0" complexity="0">
          <methods>
            <method name="GetSearchContext" signature="" line-rate="0" branch-rate="0" complexity="0">
              <lines>
                <line number="56" hits="0"></line>
                <line number="57" hits="0"></line>
                <line number="58" hits="0"></line>
                <line number="59" hits="0"></line>
                <line number="60" hits="0"></line>
                <line number="61" hits="0"></line>
                <line number="62" hits="0"></line>
                <line number="63" hits="0"></line>
                <line number="64" hits="0"></line>
                <line number="65" hits="0"></line>
                <line number="66" hits="0"></line>
                <line number="67" hits="0"></line>
                <line number="68" hits="0"></line>
                <line number="72" hits="0"></line>
                <line number="73" hits="0"></line>
                <line number="74" hits="0"></line>
                <line number="75" hits="0"></line>
                <line number="76" hits="0"></line>
                <line number="77" hits="0"></line>
              </lines>
            </method>
          </methods>
          <lines>
            <line number="56" hits="0"></line>
            <line number="57" hits="0"></line>
            <line number="58" hits="0"></line>
            <line number="59" hits="0"></line>
            <line number="60" hits="0"></line>
            <line number="61" hits="0"></line>
            <line number="62" hits="0"></line>
            <line number="63" hits="0"></line>
            <line number="64" hits="0"></line>
            <line number="65" hits="0"></line>
            <line number="66" hits="0"></line>
            <line number="67" hits="0"></line>
            <line number="68" hits="0"></line>
            <line number="72" hits="0"></line>
            <line number="73" hits="0"></line>
            <line number="74" hits="0"></line>
            <line number="75" hits="0"></line>
            <line number="76" hits="0"></line>
            <line number="77" hits="0"></line>
          </lines>
        </class>
      </classes>
    </package>
    <package name="github.com/berlingoqc/logviewer/pkg/log/client" line-rate="0.65625" branch-rate="0" complexity="0">
      <classes>
        <class name="FieldRemapping" filename="pkg/log/client/field_remapping.go" line-rate="0" branch-rate="0" complexity="0">
          <methods>
            <method name="RemapFieldSet" signature="" line-rate="0" branch-rate="0" complexity="0">
              <lines>
                <line number="7" hits="0"></line>
                <line number="8" hits="0"></line>
                <line number="9" hits="0"></line>
                <line number="10" hits="0"></line>
              </lines>
            </method>
            <method name="RemapField" signature="" line-rate="0" branch-rate="0" complexity="0">
              <lines>
                <line number="12" hits="0"></line>
                <line number="13" hits="0"></line>
                <line number="14" hits="0"></line>
                <line number="15" hits="0"></line>
              </lines>
            </method>
          </methods>
          <lines>
            <line number="7" hits="0"></line>
            <line number="8" hits="0"></line>
            <line number="9" hits="0"></line>
            <line number="10" hits="0"></line>
            <line number="12" hits="0"></line>
            <line number="13" hits="0"></line>
            <line number="14" hits="0"></line>
            <line number="15" hits="0"></line>
          </lines>
        </class>
        <class name="LogSearch" filename="pkg/log/client/logsearch.go" line-rate="0.875" branch-rate="0" complexity="0">
          <methods>
            <method name="MergeInto" signature="" line-rate="0.875" branch-rate="0" complexity="0">
              <lines>
                <line number="49" hits="1"></line>
                <line number="50" hits="1"></line>
                <line number="51" hits="1"></line>
                <line number="52" hits="1"></line>
                <line number="53" hits="1"></line>
                <line number="54" hits="0"></line>
                <line number="55" hits="0"></line>
                <line number="56" hits="0"></line>
                <line number="57" hits="1"></line>
                <line number="58" hits="1"></line>
                <line number="59" hits="1"></line>
                <line number="61" hits="1"></line>
                <line number="62" hits="1"></line>
                <line number="63" hits="1"></line>
                <line number="64" hits="1"></line>
                <line number="65" hits="1"></line>
                <line number="66" hits="1"></line>
                <line number="67" hits="1"></line>
                <line number="68" hits="1"></line>
                <line number="69" hits="1"></line>
                <line number="70" hits="1"></line>
                <line number="71" hits="1"></line>
                <line number="72" hits="1"></line>
                <line number="73" hits="1"></line>
              </lines>
            </method>
          </methods>
          <lines>
            <line number="49" hits="1"></line>
            <line number="50" hits="1"></line>
            <line number="51" hits="1"></line>
            <line number="52" hits="1"></line>
            <line number="53" hits="1"></line>
            <line number="54" hits="0"></line>
            <line number="55" hits="0"></line>
            <line number="56" hits="0"></line>
            <line number="57" hits="1"></line>
            <line number="58" hits="1"></line>
            <line number="59" hits="1"></line>
            <line number="61" hits="1"></line>
            <line number="62" hits="1"></line>
            <line number="63" hits="1"></line>
            <line number="64" hits="1"></line>
            <line number="65" hits="1"></line>
            <line number="66" hits="1"></line>
            <line number="67" hits="1"></line>
            <line number="68" hits="1"></line>
            <line number="69" hits="1"></line>
            <line number="70" hits="1"></line>
            <line number="71" hits="1"></line>
            <line number="72" hits="1"></line>
            <line number="73" hits="1"></line>
          </lines>
        </class>
      </classes>
    </package>
    <package name="github.com/berlingoqc/logviewer/pkg/log/factory" line-rate="0" branch-rate="0" complexity="0">
      <classes>
        <class name="logClientFactory" filename="pkg/log/factory/client.go" line-rate="0" branch-rate="0" complexity="0">
          <methods>
            <method name="Get" signature="" line-rate="0" branch-rate="0" complexity="0">
              <lines>
                <line number="27" hits="0"></line>
                <line number="28" hits="0"></line>
                <line number="29" hits="0"></line>
              </lines>
            </method>
          </methods>
          <lines>
            <line number="27" hits="0"></line>
            <line number="28" hits="0"></line>
            <line number="29" hits="0"></line>
          </lines>
        </class>
        <class name="-" filename="pkg/log/factory/client.go" line-rate="0" branch-rate="0" complexity="0">
          <methods>
            <method name="GetLogClientFactory" signature="" line-rate="0" branch-rate="0" complexity="0">
              <lines>
                <line number="31" hits="0"></line>
                <line number="32" hits="0"></line>
                <line number="33" hits="0"></line>
                <line number="34" hits="0"></line>
                <line number="35" hits="0"></line>
                <line number="36" hits="0"></line>
                <line number="37" hits="0"></line>
                <line number="38" hits="0"></line>
                <line number="39" hits="0"></line>
                <line number="40" hits="0"></line>
                <line number="41" hits="0"></line>
                <line number="42" hits="0"></line>
                <line number="43" hits="0"></line>
                <line number="44" hits="0"></line>
                <line number="45" hits="0"></line>
                <line number="46" hits="0"></line>
                <line number="48" hits="0"></line>
                <line number="50" hits="0"></line>
                <line number="51" hits="0"></line>
                <line number="52" hits="0"></line>
                <line number="53" hits="0"></line>
                <line number="54" hits="0"></line>
                <line number="55" hits="0"></line>
                <line number="56" hits="0"></line>
                <line number="58" hits="0"></line>
                <line number="60" hits="0"></line>
                <line number="61" hits="0"></line>
                <line number="62" hits="0"></line>
                <line number="63" hits="0"></line>
                <line number="64" hits="0"></line>
                <line number="65" hits="0"></line>
                <line number="67" hits="0"></line>
                <line number="69" hits="0"></line>
                <line number="70" hits="0"></line>
                <line number="71" hits="0"></line>
                <line number="72" hits="0"></line>
                <line number="73" hits="0"></line>
                <line number="74" hits="0"></line>
                <line number="75" hits="0"></line>
                <line number="76" hits="0"></line>
                <line number="78" hits="0"></line>
                <line number="80" hits="0"></line>
                <line number="81" hits="0"></line>
                <line number="82" hits="0"></line>
                <line number="83" hits="0"></line>
                <line number="84" hits="0"></line>
                <line number="85" hits="0"></line>
                <line number="86" hits="0"></line>
                <line number="87" hits="0"></line>
                <line number="88" hits="0"></line>
                <line number="89" hits="0"></line>
                <line number="91" hits="0"></line>
                <line number="93" hits="0"></line>
                <line number="94" hits="0"></line>
                <line number="95" hits="0"></line>
                <line number="96" hits="0"></line>
                <line number="97" hits="0"></line>
                <line number="98" hits="0"></line>
                <line number="99" hits="0"></line>
                <line number="100" hits="0"></line>
                <line number="101" hits="0"></line>
                <line number="102" hits="0"></line>
                <line number="104" hits="0"></line>
                <line number="106" hits="0"></line>
                <line number="107" hits="0"></line>
                <line number="108" hits="0"></line>
                <line number="109" hits="0"></line>
                <line number="110" hits="0"></line>
                <line number="111" hits="0"></line>
                <line number="112" hits="0"></line>
                <line number="113" hits="0"></line>
                <line number="114" hits="0"></line>
                <line number="115" hits="0"></line>
                <line number="116" hits="0"></line>
                <line number="117" hits="0"></line>
                <line number="118" hits="0"></line>
                <line number="119" hits="0"></line>
                <line number="121" hits="0"></line>
                <line number="122" hits="0"></line>
                <line number="126" hits="0"></line>
              </lines>
            </method>
          </methods>
          <lines>
            <line number="31" hits="0"></line>
            <line number="32" hits="0"></line>
            <line number="33" hits="0"></line>
            <line number="34" hits="0"></line>
            <line number="35" hits="0"></line>
            <line number="36" hits="0"></line>
            <line number="37" hits="0"></line>
            <line number="38" hits="0"></line>
            <line number="39" hits="0"></line>
            <line number="40" hits="0"></line>
            <line number="41" hits="0"></line>
            <line number="42" hits="0"></line>
            <line number="43" hits="0"></line>
            <line number="44" hits="0"></line>
            <line number="45" hits="0"></line>
            <line number="46" hits="0"></line>
            <line number="48" hits="0"></line>
            <line number="50" hits="0"></line>
            <line number="51" hits="0"></line>
            <line number="52" hits="0"></line>
            <line number="53" hits="0"></line>
            <line number="54" hits="0"></line>
            <line number="55" hits="0"></line>
            <line number="56" hits="0"></line>
            <line number="58" hits="0"></line>
            <line number="60" hits="0"></line>
            <line number="61" hits="0"></line>
            <line number="62" hits="0"></line>
            <line number="63" hits="0"></line>
            <line number="64" hits="0"></line>
            <line number="65" hits="0"></line>
            <line number="67" hits="0"></line>
            <line number="69" hits="0"></line>
            <line number="70" hits="0"></line>
            <line number="71" hits="0"></line>
            <line number="72" hits="0"></line>
            <line number="73" hits="0"></line>
            <line number="74" hits="0"></line>
            <line number="75" hits="0"></line>
            <line number="76" hits="0"></line>
            <line number="78" hits="0"></line>
            <line number="80" hits="0"></line>
            <line number="81" hits="0"></line>
            <line number="82" hits="0"></line>
            <line number="83" hits="0"></line>
            <line number="84" hits="0"></line>
            <line number="85" hits="0"></line>
            <line number="86" hits="0"></line>
            <line number="87" hits="0"></line>
            <line number="88" hits="0"></line>
            <line number="89" hits="0"></line>
            <line number="91" hits="0"></line>
            <line number="93" hits="0"></line>
            <line number="94" hits="0"></line>
            <line number="95" hits="0"></line>
            <line number="96" hits="0"></line>
            <line number="97" hits="0"></line>
            <line number="98" hits="0"></line>
            <line number="99" hits="0"></line>
            <line number="100" hits="0"></line>
            <line number="101" hits="0"></line>
            <line number="102" hits="0"></line>
            <line number="104" hits="0"></line>
            <line number="106" hits="0"></line>
            <line number="107" hits="0"></line>
            <line number="108" hits="0"></line>
            <line number="109" hits="0"></line>
            <line number="110" hits="0"></line>
            <line number="111" hits="0"></line>
            <line number="112" hits="0"></line>
            <line number="113" hits="0"></line>
            <line number="114" hits="0"></line>
            <line number="115" hits="0"></line>
            <line number="116" hits="0"></line>
            <line number="117" hits="0"></line>
            <line number="118" hits="0"></line>
            <line number="119" hits="0"></line>
            <line number="121" hits="0"></line>
            <line number="122" hits="0"></line>
            <line number="126" hits="0"></line>
          </lines>
        </class>
        <class name="logSearchFactory" filename="pkg/log/factory/search.go" line-rate="0" branch-rate="0" complexity="0">
          <methods>
            <method name="GetSearchResult" signature="" line-rate="0" branch-rate="0" complexity="0">
              <lines>
                <line number="19" hits="0"></line>
                <line number="20" hits="0"></line>
                <line number="21" hits="0"></line>
                <line number="22" hits="0"></line>
                <line number="23" hits="0"></line>
                <line number="24" hits="0"></line>
                <line number="26" hits="0"></line>
                <line number="27" hits="0"></line>
                <line number="28" hits="0"></line>
                <line number="29" hits="0"></line>
                <line number="31" hits="0"></line>
                <line number="32" hits="0"></line>
                <line number="33" hits="0"></line>
              </lines>
            </method>
          </methods>
          <lines>
            <line number="19" hits="0"></line>
            <line number="20" hits="0"></line>
            <line number="21" hits="0"></line>
            <line number="22" hits="0"></line>
            <line number="23" hits="0"></line>
            <line number="24" hits="0"></line>
            <line number="26" hits="0"></line>
            <line number="27" hits="0"></line>
            <line number="28" hits="0"></line>
            <line number="29" hits="0"></line>
            <line number="31" hits="0"></line>
            <line number="32" hits="0"></line>
            <line number="33" hits="0"></line>
          </lines>
        </class>
        <class name="-" filename="pkg/log/factory/search.go" line-rate="0" branch-rate="0" complexity="0">
          <methods>
            <method name="GetLogSearchFactory" signature="" line-rate="0" branch-rate="0" complexity="0">
              <lines>
                <line number="39" hits="0"></line>
                <line number="40" hits="0"></line>
                <line number="41" hits="0"></line>
                <line number="42" hits="0"></line>
                <line number="43" hits="0"></line>
                <line number="44" hits="0"></line>
                <line number="45" hits="0"></line>
                <line number="46" hits="0"></line>
                <line number="47" hits="0"></line>
              </lines>
            </method>
          </methods>
          <lines>
            <line number="39" hits="0"></line>
            <line number="40" hits="0"></line>
            <line number="41" hits="0"></line>
            <line number="42" hits="0"></line>
            <line number="43" hits="0"></line>
            <line number="44" hits="0"></line>
            <line number="45" hits="0"></line>
            <line number="46" hits="0"></line>
            <line number="47" hits="0"></line>
          </lines>
        </class>
      </classes>
    </package>
    <package name="github.com/berlingoqc/logviewer/pkg/log/impl/cloudwatch" line-rate="0.74725276" branch-rate="0" complexity="0">
      <classes>
        <class name="CloudWatchLogClient" filename="pkg/log/impl/cloudwatch/client.go" line-rate="0.85" branch-rate="0" complexity="0">
          <methods>
            <method name="Get" signature="" line-rate="0.85" branch-rate="0" complexity="0">
              <lines>
                <line number="30" hits="1"></line>
                <line number="31" hits="1"></line>
                <line number="32" hits="0"></line>
                <line number="33" hits="0"></line>
                <line number="34" hits="0"></line>
                <line number="37" hits="1"></line>
                <line number="38" hits="1"></line>
                <line number="39" hits="1"></line>
                <line number="40" hits="1"></line>
                <line number="41" hits="1"></line>
                <line number="42" hits="1"></line>
                <line number="43" hits="1"></line>
                <line number="44" hits="1"></line>
                <line number="45" hits="1"></line>
                <line number="48" hits="1"></line>
                <line number="49" hits="1"></line>
                <line number="50" hits="1"></line>
                <line number="51" hits="1"></line>
                <line number="53" hits="1"></line>
                <line number="54" hits="1"></line>
                <line number="55" hits="1"></line>
                <line number="56" hits="1"></line>
                <line number="57" hits="1"></line>
                <line number="58" hits="1"></line>
                <line number="59" hits="1"></line>
                <line number="60" hits="1"></line>
                <line number="61" hits="1"></line>
                <line number="62" hits="1"></line>
                <line number="63" hits="1"></line>
                <line number="64" hits="1"></line>
                <line number="65" hits="1"></line>
                <line number="66" hits="1"></line>
                <line number="67" hits="0"></line>
                <line number="68" hits="0"></line>
                <line number="69" hits="0"></line>
                <line number="72" hits="1"></line>
                <line number="73" hits="1"></line>
                <line number="74" hits="1"></line>
                <line number="75" hits="1"></line>
                <line number="76" hits="1"></line>
              </lines>
            </method>
          </methods>
          <lines>
            <line number="30" hits="1"></line>
            <line number="31" hits="1"></line>
            <line number="32" hits="0"></line>
            <line number="33" hits="0"></line>
            <line number="34" hits="0"></line>
            <line number="37" hits="1"></line>
            <line number="38" hits="1"></line>
            <line number="39" hits="1"></line>
            <line number="40" hits="1"></line>
            <line number="41" hits="1"></line>
            <line number="42" hits="1"></line>
            <line number="43" hits="1"></line>
            <line number="44" hits="1"></line>
            <line number="45" hits="1"></line>
            <line number="48" hits="1"></line>
            <line number="49" hits="1"></line>
            <line number="50" hits="1"></line>
            <line number="51" hits="1"></line>
            <line number="53" hits="1"></line>
            <line number="54" hits="1"></line>
            <line number="55" hits="1"></line>
            <line number="56" hits="1"></line>
            <line number="57" hits="1"></line>
            <line number="58" hits="1"></line>
            <line number="59" hits="1"></line>
            <line number="60" hits="1"></line>
            <line number="61" hits="1"></line>
            <line number="62" hits="1"></line>
            <line number="63" hits="1"></line>
            <line number="64" hits="1"></line>
            <line number="65" hits="1"></line>
            <line number="66" hits="1"></line>
            <line number="67" hits="0"></line>
            <line number="68" hits="0"></line>
            <line number="69" hits="0"></line>
            <line number="72" hits="1"></line>
            <line number="73" hits="1"></line>
            <line number="74" hits="1"></line>
            <line number="75" hits="1"></line>
            <line number="76" hits="1"></line>
          </lines>
        </class>
        <class name="-" filename="pkg/log/impl/cloudwatch/client.go" line-rate="0.64705884" branch-rate="0" complexity="0">
          <methods>
            <method name="GetLogClient" signature="" line-rate="0.64705884" branch-rate="0" complexity="0">
              <lines>
                <line number="81" hits="1"></line>
                <line number="82" hits="1"></line>
                <line number="83" hits="1"></line>
                <line number="84" hits="1"></line>
                <line number="85" hits="0"></line>
                <line number="86" hits="0"></line>
                <line number="87" hits="0"></line>
                <line number="90" hits="1"></line>
                <line number="91" hits="1"></line>
                <line number="92" hits="1"></line>
                <line number="95" hits="1"></line>
                <line number="96" hits="1"></line>
                <line number="97" hits="1"></line>
                <line number="98" hits="1"></line>
                <line number="100" hits="0"></line>
                <line number="101" hits="0"></line>
                <line number="102" hits="0"></line>
              </lines>
            </method>
          </methods>
          <lines>
            <line number="81" hits="1"></line>
            <line number="82" hits="1"></line>
            <line number="83" hits="1"></line>
            <line number="84" hits="1"></line>
            <line number="85" hits="0"></line>
            <line number="86" hits="0"></line>
            <line number="87" hits="0"></line>
            <line number="90" hits="1"></line>
            <line number="91" hits="1"></line>
            <line number="92" hits="1"></line>
            <line number="95" hits="1"></line>
            <line number="96" hits="1"></line>
            <line number="97" hits="1"></line>
            <line number="98" hits="1"></line>
            <line number="100" hits="0"></line>
            <line number="101" hits="0"></line>
            <line number="102" hits="0"></line>
          </lines>
        </class>
        <class name="CloudWatchLogSearchResult" filename="pkg/log/impl/cloudwatch/search.go" line-rate="0.6764706" branch-rate="0" complexity="0">
          <methods>
            <method name="GetSearch" signature="" line-rate="0" branch-rate="0" complexity="0">
              <lines>
                <line number="19" hits="0"></line>
                <line number="20" hits="0"></line>
                <line number="21" hits="0"></line>
              </lines>
            </method>
            <method name="GetEntries" signature="" line-rate="0.8518519" branch-rate="0" complexity="0">
              <lines>
                <line number="24" hits="1"></line>
                <line number="25" hits="1"></line>
                <line number="26" hits="1"></line>
                <line number="27" hits="1"></line>
                <line number="28" hits="1"></line>
                <line number="29" hits="1"></line>
                <line number="30" hits="1"></line>
                <line number="31" hits="1"></line>
                <line number="32" hits="0"></line>
[...]
                <line number="55" hits="0"></line>
                <line number="56" hits="0"></line>
              </lines>
            </method>
            <method name="MarshalJSON" signature="" line-rate="0" branch-rate="0" complexity="0">
              <lines>
                <line number="59" hits="0"></line>
                <line number="60" hits="0"></line>
                <line number="61" hits="0"></line>
                <line number="62" hits="0"></line>
                <line number="63" hits="0"></line>
                <line number="64" hits="0"></line>
                <line number="65" hits="0"></line>
                <line number="67" hits="0"></line>
              </lines>
            </method>
          </methods>
          <lines>
            <line number="19" hits="0"></line>
            <line number="20" hits="0"></line>
            <line number="21" hits="0"></line>
            <line number="22" hits="0"></line>
            <line number="23" hits="0"></line>
            <line number="24" hits="0"></line>
            <line number="27" hits="0"></line>
            <line number="28" hits="0"></line>
            <line number="29" hits="0"></line>
            <line number="30" hits="0"></line>
            <line number="31" hits="0"></line>
            <line number="33" hits="0"></line>
            <line number="34" hits="0"></line>
            <line number="35" hits="0"></line>
            <line number="37" hits="0"></line>
            <line number="38" hits="0"></line>
            <line number="39" hits="0"></line>
            <line number="40" hits="0"></line>
            <line number="42" hits="0"></line>
            <line number="43" hits="0"></line>
            <line number="44" hits="0"></line>
            <line number="45" hits="0"></line>
            <line number="46" hits="0"></line>
            <line number="47" hits="0"></line>
            <line number="48" hits="0"></line>
            <line number="50" hits="0"></line>
            <line number="51" hits="0"></line>
            <line number="52" hits="0"></line>
            <line number="54" hits="0"></line>
            <line number="55" hits="0"></line>
            <line number="56" hits="0"></line>
            <line number="59" hits="0"></line>
            <line number="60" hits="0"></line>
            <line number="61" hits="0"></line>
            <line number="62" hits="0"></line>
            <line number="63" hits="0"></line>
            <line number="64" hits="0"></line>
            <line number="65" hits="0"></line>
            <line number="67" hits="0"></line>
          </lines>
        </class>
        <class name="-" filename="pkg/ty/resolve.go" line-rate="1" branch-rate="0" complexity="0">
          <methods>
            <method name="resolveEnvVarsWithDefault" signature="" line-rate="1" branch-rate="0" complexity="0">
              <lines>
                <line number="9" hits="3"></line>
                <line number="10" hits="3"></line>
                <line number="11" hits="3"></line>
                <line number="12" hits="6"></line>
                <line number="13" hits="6"></line>
                <line number="14" hits="6"></line>
                <line number="15" hits="6"></line>
                <line number="16" hits="3"></line>
                <line number="17" hits="3"></line>
                <line number="18" hits="3"></line>
                <line number="20" hits="1"></line>
                <line number="21" hits="1"></line>
                <line number="22" hits="1"></line>
                <line number="24" hits="2"></line>
              </lines>
            </method>
          </methods>
          <lines>
            <line number="9" hits="3"></line>
            <line number="10" hits="3"></line>
            <line number="11" hits="3"></line>
            <line number="12" hits="6"></line>
            <line number="13" hits="6"></line>
            <line number="14" hits="6"></line>
            <line number="15" hits="6"></line>
            <line number="16" hits="3"></line>
            <line number="17" hits="3"></line>
            <line number="18" hits="3"></line>
            <line number="20" hits="1"></line>
            <line number="21" hits="1"></line>
            <line number="22" hits="1"></line>
            <line number="24" hits="2"></line>
          </lines>
        </class>
        <class name="MS" filename="pkg/ty/resolve.go" line-rate="1" branch-rate="0" complexity="0">
          <methods>
            <method name="ResolveVariables" signature="" line-rate="1" branch-rate="0" complexity="0">
              <lines>
                <line number="28" hits="3"></line>
                <line number="29" hits="3"></line>
                <line number="30" hits="3"></line>
                <line number="31" hits="3"></line>
                <line number="32" hits="3"></line>
                <line number="33" hits="3"></line>
                <line number="35" hits="3"></line>
              </lines>
            </method>
          </methods>
          <lines>
            <line number="28" hits="3"></line>
            <line number="29" hits="3"></line>
            <line number="30" hits="3"></line>
            <line number="31" hits="3"></line>
            <line number="32" hits="3"></line>
            <line number="33" hits="3"></line>
            <line number="35" hits="3"></line>
          </lines>
        </class>
        <class name="UniSet[V]" filename="pkg/ty/union.go" line-rate="0" branch-rate="0" complexity="0">
          <methods>
            <method name="Add" signature="" line-rate="0" branch-rate="0" complexity="0">
              <lines>
                <line number="9" hits="0"></line>
                <line number="10" hits="0"></line>
                <line number="11" hits="0"></line>
                <line number="12" hits="0"></line>
                <line number="13" hits="0"></line>
                <line number="14" hits="0"></line>
                <line number="15" hits="0"></line>
                <line number="16" hits="0"></line>
                <line number="17" hits="0"></line>
                <line number="18" hits="0"></line>
                <line number="20" hits="0"></line>
                <line number="21" hits="0"></line>
              </lines>
            </method>
          </methods>
          <lines>
            <line number="9" hits="0"></line>
            <line number="10" hits="0"></line>
            <line number="11" hits="0"></line>
            <line number="12" hits="0"></line>
            <line number="13" hits="0"></line>
            <line number="14" hits="0"></line>
            <line number="15" hits="0"></line>
            <line number="16" hits="0"></line>
            <line number="17" hits="0"></line>
            <line number="18" hits="0"></line>
            <line number="20" hits="0"></line>
            <line number="21" hits="0"></line>
          </lines>
        </class>
        <class name="-" filename="pkg/ty/union.go" line-rate="0" branch-rate="0" complexity="0">
          <methods>
            <method name="AddField" signature="" line-rate="0" branch-rate="0" complexity="0">
              <lines>
                <line number="24" hits="0"></line>
                <line number="25" hits="0"></line>
                <line number="26" hits="0"></line>
                <line number="27" hits="0"></line>
                <line number="28" hits="0"></line>
                <line number="29" hits="0"></line>
                <line number="30" hits="0"></line>
                <line number="31" hits="0"></line>
                <line number="32" hits="0"></line>
                <line number="33" hits="0"></line>
                <line number="34" hits="0"></line>
              </lines>
            </method>
          </methods>
          <lines>
            <line number="24" hits="0"></line>
            <line number="25" hits="0"></line>
            <line number="26" hits="0"></line>
            <line number="27" hits="0"></line>
            <line number="28" hits="0"></line>
            <line number="29" hits="0"></line>
            <line number="30" hits="0"></line>
            <line number="31" hits="0"></line>
            <line number="32" hits="0"></line>
            <line number="33" hits="0"></line>
            <line number="34" hits="0"></line>
          </lines>
        </class>
      </classes>
    </package>
    <package name="github.com/berlingoqc/logviewer/pkg/views" line-rate="0" branch-rate="0" complexity="0">
      <classes>
        <class name="tviewWrapper" filename="pkg/views/query_viewer.go" line-rate="0" branch-rate="0" complexity="0">
          <methods>
            <method name="Display" signature="" line-rate="0" branch-rate="0" complexity="0">
              <lines>
                <line number="29" hits="0"></line>
                <line number="30" hits="0"></line>
                <line number="31" hits="0"></line>
                <line number="32" hits="0"></line>
                <line number="33" hits="0"></line>
                <line number="34" hits="0"></line>
                <line number="37" hits="0"></line>
              </lines>
            </method>
          </methods>
          <lines>
            <line number="29" hits="0"></line>
            <line number="30" hits="0"></line>
            <line number="31" hits="0"></line>
            <line number="32" hits="0"></line>
            <line number="33" hits="0"></line>
            <line number="34" hits="0"></line>
            <line number="37" hits="0"></line>
          </lines>
        </class>
        <class name="-" filename="pkg/views/query_viewer.go" line-rate="0" branch-rate="0" complexity="0">
          <methods>
            <method name="createLogTextView" signature="" line-rate="0" branch-rate="0" complexity="0">
              <lines>
                <line number="40" hits="0"></line>
                <line number="41" hits="0"></line>
                <line number="42" hits="0"></line>
                <line number="43" hits="0"></line>
                <line number="44" hits="0"></line>
                <line number="45" hits="0"></line>
                <line number="46" hits="0"></line>
                <line number="47" hits="0"></line>
                <line number="48" hits="0"></line>
                <line number="49" hits="0"></line>
                <line number="50" hits="0"></line>
                <line number="51" hits="0"></line>
                <line number="52" hits="0"></line>
                <line number="53" hits="0"></line>
                <line number="54" hits="0"></line>
                <line number="55" hits="0"></line>
                <line number="56" hits="0"></line>
                <line number="57" hits="0"></line>
                <line number="58" hits="0"></line>
                <line number="59" hits="0"></line>
                <line number="60" hits="0"></line>
                <line number="61" hits="0"></line>
                <line number="62" hits="0"></line>
                <line number="63" hits="0"></line>
                <line number="64" hits="0"></line>
                <line number="65" hits="0"></line>
                <line number="67" hits="0"></line>
                <line number="68" hits="0"></line>
                <line number="69" hits="0"></line>
                <line number="70" hits="0"></line>
                <line number="71" hits="0"></line>
                <line number="72" hits="0"></line>
                <line number="73" hits="0"></line>
                <line number="74" hits="0"></line>
                <line number="75" hits="0"></line>
                <line number="76" hits="0"></line>
                <line number="77" hits="0"></line>
                <line number="78" hits="0"></line>
                <line number="81" hits="0"></line>
                <line number="82" hits="0"></line>
                <line number="83" hits="0"></line>
                <line number="84" hits="0"></line>
                <line number="85" hits="0"></line>
                <line number="86" hits="0"></line>
                <line number="87" hits="0"></line>
                <line number="89" hits="0"></line>
                <line number="92" hits="0"></line>
              </lines>
            </method>
            <method name="getQueryBox" signature="" line-rate="0" branch-rate="0" complexity="0">
              <lines>
                <line number="96" hits="0"></line>
                <line number="97" hits="0"></line>
                <line number="98" hits="0"></line>
                <line number="99" hits="0"></line>
                <line number="100" hits="0"></line>
                <line number="101" hits="0"></line>
                <line number="102" hits="0"></line>
                <line number="103" hits="0"></line>
                <line number="104" hits="0"></line>
                <line number="105" hits="0"></line>
                <line number="106" hits="0"></line>
                <line number="107" hits="0"></line>
                <line number="108" hits="0"></line>
                <line number="110" hits="0"></line>
              </lines>
            </method>
            <method name="RunQueryViewApp" signature="" line-rate="0" branch-rate="0" complexity="0">
              <lines>
                <line number="113" hits="0"></line>
                <line number="114" hits="0"></line>
                <line number="115" hits="0"></line>
                <line number="116" hits="0"></line>
                <line number="117" hits="0"></line>
                <line number="118" hits="0"></line>
                <line number="119" hits="0"></line>
                <line number="120" hits="0"></line>
                <line number="122" hits="0"></line>
                <line number="123" hits="0"></line>
                <line number="124" hits="0"></line>
                <line number="126" hits="0"></line>
                <line number="127" hits="0"></line>
                <line number="128" hits="0"></line>
                <line number="129" hits="0"></line>
                <line number="131" hits="0"></line>
                <line number="132" hits="0"></line>
                <line number="133" hits="0"></line>
                <line number="134" hits="0"></line>
                <line number="136" hits="0"></line>
                <line number="137" hits="0"></line>
                <line number="138" hits="0"></line>
                <line number="139" hits="0"></line>
                <line number="140" hits="0"></line>
                <line number="141" hits="0"></line>
                <line number="142" hits="0"></line>
                <line number="143" hits="0"></line>
                <line number="144" hits="0"></line>
                <line number="145" hits="0"></line>
                <line number="147" hits="0"></line>
                <line number="148" hits="0"></line>
                <line number="149" hits="0"></line>
                <line number="153" hits="0"></line>
                <line number="154" hits="0"></line>
                <line number="155" hits="0"></line>
                <line number="157" hits="0"></line>
              </lines>
            </method>
          </methods>
          <lines>
            <line number="40" hits="0"></line>
            <line number="41" hits="0"></line>
            <line number="42" hits="0"></line>
            <line number="43" hits="0"></line>
            <line number="44" hits="0"></line>
            <line number="45" hits="0"></line>
            <line number="46" hits="0"></line>
            <line number="47" hits="0"></line>
            <line number="48" hits="0"></line>
            <line number="49" hits="0"></line>
            <line number="50" hits="0"></line>
            <line number="51" hits="0"></line>
            <line number="52" hits="0"></line>
            <line number="53" hits="0"></line>
            <line number="54" hits="0"></line>
            <line number="55" hits="0"></line>
            <line number="56" hits="0"></line>
            <line number="57" hits="0"></line>
            <line number="58" hits="0"></line>
            <line number="59" hits="0"></line>
            <line number="60" hits="0"></line>
            <line number="61" hits="0"></line>
            <line number="62" hits="0"></line>
            <line number="63" hits="0"></line>
            <line number="64" hits="0"></line>
            <line number="65" hits="0"></line>
            <line number="67" hits="0"></line>
            <line number="68" hits="0"></line>
            <line number="69" hits="0"></line>
            <line number="70" hits="0"></line>
            <line number="71" hits="0"></line>
            <line number="72" hits="0"></line>
            <line number="73" hits="0"></line>
            <line number="74" hits="0"></line>
            <line number="75" hits="0"></line>
            <line number="76" hits="0"></line>
            <line number="77" hits="0"></line>
            <line number="78" hits="0"></line>
            <line number="81" hits="0"></line>
            <line number="82" hits="0"></line>
            <line number="83" hits="0"></line>
            <line number="84" hits="0"></line>
            <line number="85" hits="0"></line>
            <line number="86" hits="0"></line>
            <line number="87" hits="0"></line>
            <line number="89" hits="0"></line>
            <line number="92" hits="0"></line>
            <line number="96" hits="0"></line>
            <line number="97" hits="0"></line>
            <line number="98" hits="0"></line>
            <line number="99" hits="0"></line>
            <line number="100" hits="0"></line>
            <line number="101" hits="0"></line>
            <line number="102" hits="0"></line>
            <line number="103" hits="0"></line>
            <line number="104" hits="0"></line>
            <line number="105" hits="0"></line>
            <line number="106" hits="0"></line>
            <line number="107" hits="0"></line>
            <line number="108" hits="0"></line>
            <line number="110" hits="0"></line>
            <line number="113" hits="0"></line>
            <line number="114" hits="0"></line>
            <line number="115" hits="0"></line>
            <line number="116" hits="0"></line>
            <line number="117" hits="0"></line>
            <line number="118" hits="0"></line>
            <line number="119" hits="0"></line>
            <line number="120" hits="0"></line>
            <line number="122" hits="0"></line>
            <line number="123" hits="0"></line>
            <line number="124" hits="0"></line>
            <line number="126" hits="0"></line>
            <line number="127" hits="0"></line>
            <line number="128" hits="0"></line>
            <line number="129" hits="0"></line>
            <line number="131" hits="0"></line>
            <line number="132" hits="0"></line>
            <line number="133" hits="0"></line>
            <line number="134" hits="0"></line>
            <line number="136" hits="0"></line>
            <line number="137" hits="0"></line>
            <line number="138" hits="0"></line>
            <line number="139" hits="0"></line>
            <line number="140" hits="0"></line>
            <line number="141" hits="0"></line>
            <line number="142" hits="0"></line>
            <line number="143" hits="0"></line>
            <line number="144" hits="0"></line>
            <line number="145" hits="0"></line>
            <line number="147" hits="0"></line>
            <line number="148" hits="0"></line>
            <line number="149" hits="0"></line>
            <line number="153" hits="0"></line>
            <line number="154" hits="0"></line>
            <line number="155" hits="0"></line>
            <line number="157" hits="0"></line>
          </lines>
        </class>
      </classes>
    </package>
  </packages>
</coverage>
